<?xml version="1.0" encoding="UTF-8"?>
<!-- Generated by org.testng.reporters.JUnitXMLReporter -->
<testsuite hostname="LP-5CD7485ZW3" ignored="0" name="Dependencies Test" tests="4" failures="1" timestamp="2020-08-11T23:35:42 IST" time="0.071" errors="0">
  <testcase name="doUserRegistration" time="0.003" classname="functionalTests.TestDependencies">
    <failure type="java.lang.AssertionError" message="User not registered successfully">
      <![CDATA[java.lang.AssertionError: User not registered successfully
at functionalTests.TestDependencies.doUserRegistration(TestDependencies.java:13)
at java.util.ArrayList.forEach(Unknown Source)
... Removed 28 stack frames]]>
    </failure>
  </testcase> <!-- doUserRegistration -->
  <testcase name="doLogin" time="0.0" classname="functionalTests.TestDependencies">
    <skipped/>
  </testcase> <!-- doLogin -->
  <testcase name="doForgotPassword" time="0.002" classname="functionalTests.TestDependencies"/>
  <testcase name="doForgotUsername" time="0.007" classname="functionalTests.TestDependencies"/>
</testsuite> <!-- Dependencies Test -->
